2024-01-14 10:26:09,636 INFO         org.springframework.boot.StartupInfoLogger [main] Starting ContactManagerApplication using Java 17.0.9 with PID 8492 (/home/elshod/Documents/PROJECTS/JAVA/javacourse/Self-study/contact_manager/target/classes started by elshod in /home/elshod/Documents/PROJECTS/JAVA/javacourse/Self-study/contact_manager)
2024-01-14 10:26:09,638 INFO         org.springframework.boot.SpringApplication [main] No active profile set, falling back to 1 default profile: "default"
2024-01-14 10:26:10,477 INFO .repository.config.RepositoryConfigurationDelegate [main] Bootstrapping Spring Data JPA repositories in DEFAULT mode.
2024-01-14 10:26:10,523 INFO .repository.config.RepositoryConfigurationDelegate [main] Finished Spring Data repository scanning in 40 ms. Found 4 JPA repository interfaces.
2024-01-14 10:26:10,966 INFO framework.boot.web.embedded.tomcat.TomcatWebServer [main] Tomcat initialized with port(s): 9090 (http)
2024-01-14 10:26:10,972 INFO               org.apache.juli.logging.DirectJDKLog [main] Initializing ProtocolHandler ["http-nio-9090"]
2024-01-14 10:26:10,974 INFO               org.apache.juli.logging.DirectJDKLog [main] Starting service [Tomcat]
2024-01-14 10:26:10,974 INFO               org.apache.juli.logging.DirectJDKLog [main] Starting Servlet engine: [Apache Tomcat/10.1.12]
2024-01-14 10:26:11,035 INFO               org.apache.juli.logging.DirectJDKLog [main] Initializing Spring embedded WebApplicationContext
2024-01-14 10:26:11,035 INFO servlet.context.ServletWebServerApplicationContext [main] Root WebApplicationContext: initialization completed in 1344 ms
2024-01-14 10:26:11,159 INFO          org.hibernate.jpa.internal.util.LogHelper [main] HHH000204: Processing PersistenceUnitInfo [name: default]
2024-01-14 10:26:11,209 INFO                              org.hibernate.Version [main] HHH000412: Hibernate ORM core version 6.2.7.Final
2024-01-14 10:26:11,212 INFO                      org.hibernate.cfg.Environment [main] HHH000406: Using bytecode reflection optimizer
2024-01-14 10:26:11,317 INFO ernate.bytecode.internal.BytecodeProviderInitiator [main] HHH000021: Bytecode provider name : bytebuddy
2024-01-14 10:26:11,408 INFO .orm.jpa.persistenceunit.SpringPersistenceUnitInfo [main] No LoadTimeWeaver setup: ignoring JPA class transformer
2024-01-14 10:26:11,421 INFO                 com.zaxxer.hikari.HikariDataSource [main] HikariPool-1 - Starting...
2024-01-14 10:26:11,648 INFO                  com.zaxxer.hikari.pool.HikariPool [main] HikariPool-1 - Added connection org.postgresql.jdbc.PgConnection@76fc5687
2024-01-14 10:26:11,649 INFO                 com.zaxxer.hikari.HikariDataSource [main] HikariPool-1 - Start completed.
2024-01-14 10:26:11,837 INFO ernate.bytecode.internal.BytecodeProviderInitiator [main] HHH000021: Bytecode provider name : bytebuddy
2024-01-14 10:26:12,276 INFO saction.jta.platform.internal.JtaPlatformInitiator [main] HHH000490: Using JtaPlatform implementation: [org.hibernate.engine.transaction.jta.platform.internal.NoJtaPlatform]
2024-01-14 10:26:12,343 INFO framework.orm.jpa.AbstractEntityManagerFactoryBean [main] Initialized JPA EntityManagerFactory for persistence unit 'default'
2024-01-14 10:26:12,549 INFO ork.data.jpa.repository.query.QueryEnhancerFactory [main] Hibernate is in classpath; If applicable, HQL parser will be used.
2024-01-14 10:26:13,161 WARN e.orm.jpa.JpaBaseConfiguration$JpaWebConfiguration [main] spring.jpa.open-in-view is enabled by default. Therefore, database queries may be performed during view rendering. Explicitly configure spring.jpa.open-in-view to disable this warning
2024-01-14 10:26:13,436 INFO gframework.security.web.DefaultSecurityFilterChain [main] Will secure any request with [org.springframework.security.web.session.DisableEncodeUrlFilter@47d7792e, org.springframework.security.web.context.request.async.WebAsyncManagerIntegrationFilter@4eb2a0c2, org.springframework.security.web.context.SecurityContextHolderFilter@6a5ed5f9, org.springframework.security.web.header.HeaderWriterFilter@728cef8e, org.springframework.web.filter.CorsFilter@10e7ade5, org.springframework.security.web.authentication.logout.LogoutFilter@11c95035, com.company.config.security.JwtAuthenticationFilter@2fad48b7, org.springframework.security.web.savedrequest.RequestCacheAwareFilter@6a8fa30a, org.springframework.security.web.servletapi.SecurityContextHolderAwareRequestFilter@522941b2, org.springframework.security.web.authentication.AnonymousAuthenticationFilter@534f4a65, org.springframework.security.web.session.SessionManagementFilter@758e8b8d, org.springframework.security.web.access.ExceptionTranslationFilter@316a682b, org.springframework.security.web.access.intercept.AuthorizationFilter@22c5652b]
2024-01-14 10:26:13,733 WARN ork.core.LocalVariableTableParameterNameDiscoverer [main] Using deprecated '-debug' fallback for parameter name resolution. Compile the affected code with '-parameters' instead or avoid its introspection: org.springframework.amqp.rabbit.core.RabbitAdmin
2024-01-14 10:26:13,763 INFO               org.apache.juli.logging.DirectJDKLog [main] Starting ProtocolHandler ["http-nio-9090"]
2024-01-14 10:26:13,775 INFO framework.boot.web.embedded.tomcat.TomcatWebServer [main] Tomcat started on port(s): 9090 (http) with context path ''
2024-01-14 10:26:13,778 INFO k.amqp.rabbit.connection.AbstractConnectionFactory [main] Attempting to connect to: [localhost:5672]
2024-01-14 10:26:13,783 INFO p.rabbit.listener.AbstractMessageListenerContainer [main] Broker not available; cannot force queue declarations during start: java.net.ConnectException: Connection refused
2024-01-14 10:26:13,789 INFO k.amqp.rabbit.connection.AbstractConnectionFactory [org.springframework.amqp.rabbit.RabbitListenerEndpointContainer#0-1] Attempting to connect to: [localhost:5672]
2024-01-14 10:26:13,790 ERROR p.rabbit.listener.AbstractMessageListenerContainer [org.springframework.amqp.rabbit.RabbitListenerEndpointContainer#0-1] Failed to check/redeclare auto-delete queue(s).
org.springframework.amqp.AmqpConnectException: java.net.ConnectException: Connection refused
	at org.springframework.amqp.rabbit.support.RabbitExceptionTranslator.convertRabbitAccessException(RabbitExceptionTranslator.java:61)
	at org.springframework.amqp.rabbit.connection.AbstractConnectionFactory.createBareConnection(AbstractConnectionFactory.java:594)
	at org.springframework.amqp.rabbit.connection.CachingConnectionFactory.createConnection(CachingConnectionFactory.java:711)
	at org.springframework.amqp.rabbit.connection.ConnectionFactoryUtils.createConnection(ConnectionFactoryUtils.java:257)
	at org.springframework.amqp.rabbit.core.RabbitTemplate.doExecute(RabbitTemplate.java:2225)
	at org.springframework.amqp.rabbit.core.RabbitTemplate.execute(RabbitTemplate.java:2198)
	at org.springframework.amqp.rabbit.core.RabbitTemplate.execute(RabbitTemplate.java:2178)
	at org.springframework.amqp.rabbit.core.RabbitAdmin.getQueueInfo(RabbitAdmin.java:465)
	at org.springframework.amqp.rabbit.core.RabbitAdmin.getQueueProperties(RabbitAdmin.java:449)
	at org.springframework.amqp.rabbit.listener.AbstractMessageListenerContainer.attemptDeclarations(AbstractMessageListenerContainer.java:1937)
	at org.springframework.amqp.rabbit.listener.AbstractMessageListenerContainer.redeclareElementsIfNecessary(AbstractMessageListenerContainer.java:1905)
	at org.springframework.amqp.rabbit.listener.SimpleMessageListenerContainer$AsyncMessageProcessingConsumer.initialize(SimpleMessageListenerContainer.java:1381)
	at org.springframework.amqp.rabbit.listener.SimpleMessageListenerContainer$AsyncMessageProcessingConsumer.run(SimpleMessageListenerContainer.java:1223)
	at java.base/java.lang.Thread.run(Thread.java:840)
Caused by: java.net.ConnectException: Connection refused
	at java.base/sun.nio.ch.Net.pollConnect(Native Method)
	at java.base/sun.nio.ch.Net.pollConnectNow(Net.java:672)
	at java.base/sun.nio.ch.NioSocketImpl.timedFinishConnect(NioSocketImpl.java:547)
	at java.base/sun.nio.ch.NioSocketImpl.connect(NioSocketImpl.java:602)
	at java.base/java.net.SocksSocketImpl.connect(SocksSocketImpl.java:327)
	at java.base/java.net.Socket.connect(Socket.java:633)
	at com.rabbitmq.client.impl.SocketFrameHandlerFactory.create(SocketFrameHandlerFactory.java:61)
	at com.rabbitmq.client.ConnectionFactory.newConnection(ConnectionFactory.java:1234)
	at com.rabbitmq.client.ConnectionFactory.newConnection(ConnectionFactory.java:1184)
	at org.springframework.amqp.rabbit.connection.AbstractConnectionFactory.connectAddresses(AbstractConnectionFactory.java:632)
	at org.springframework.amqp.rabbit.connection.AbstractConnectionFactory.connect(AbstractConnectionFactory.java:607)
	at org.springframework.amqp.rabbit.connection.AbstractConnectionFactory.createBareConnection(AbstractConnectionFactory.java:557)
	... 12 common frames omitted
2024-01-14 10:26:13,792 INFO k.amqp.rabbit.connection.AbstractConnectionFactory [org.springframework.amqp.rabbit.RabbitListenerEndpointContainer#0-1] Attempting to connect to: [localhost:5672]
2024-01-14 10:26:13,801 INFO         org.springframework.boot.StartupInfoLogger [main] Started ContactManagerApplication in 4.646 seconds (process running for 5.273)
2024-01-14 10:26:18,798 WARN geListenerContainer$AsyncMessageProcessingConsumer [org.springframework.amqp.rabbit.RabbitListenerEndpointContainer#0-1] Consumer raised exception, processing can restart if the connection factory supports it. Exception summary: org.springframework.amqp.AmqpConnectException: java.net.ConnectException: Connection refused
2024-01-14 10:26:18,806 INFO geListenerContainer$AsyncMessageProcessingConsumer [org.springframework.amqp.rabbit.RabbitListenerEndpointContainer#0-1] Restarting Consumer@78571a17: tags=[[]], channel=null, acknowledgeMode=AUTO local queue size=0
2024-01-14 10:26:18,809 INFO k.amqp.rabbit.connection.AbstractConnectionFactory [org.springframework.amqp.rabbit.RabbitListenerEndpointContainer#0-2] Attempting to connect to: [localhost:5672]
2024-01-14 10:26:18,810 ERROR p.rabbit.listener.AbstractMessageListenerContainer [org.springframework.amqp.rabbit.RabbitListenerEndpointContainer#0-2] Failed to check/redeclare auto-delete queue(s).
2024-01-14 10:26:18,811 INFO k.amqp.rabbit.connection.AbstractConnectionFactory [org.springframework.amqp.rabbit.RabbitListenerEndpointContainer#0-2] Attempting to connect to: [localhost:5672]
2024-01-14 10:26:23,816 WARN geListenerContainer$AsyncMessageProcessingConsumer [org.springframework.amqp.rabbit.RabbitListenerEndpointContainer#0-2] Consumer raised exception, processing can restart if the connection factory supports it. Exception summary: org.springframework.amqp.AmqpConnectException: java.net.ConnectException: Connection refused
2024-01-14 10:26:23,817 INFO geListenerContainer$AsyncMessageProcessingConsumer [org.springframework.amqp.rabbit.RabbitListenerEndpointContainer#0-2] Restarting Consumer@6cc5a1aa: tags=[[]], channel=null, acknowledgeMode=AUTO local queue size=0
2024-01-14 10:26:23,820 INFO k.amqp.rabbit.connection.AbstractConnectionFactory [org.springframework.amqp.rabbit.RabbitListenerEndpointContainer#0-3] Attempting to connect to: [localhost:5672]
2024-01-14 10:26:23,821 ERROR p.rabbit.listener.AbstractMessageListenerContainer [org.springframework.amqp.rabbit.RabbitListenerEndpointContainer#0-3] Failed to check/redeclare auto-delete queue(s).
2024-01-14 10:26:23,821 INFO k.amqp.rabbit.connection.AbstractConnectionFactory [org.springframework.amqp.rabbit.RabbitListenerEndpointContainer#0-3] Attempting to connect to: [localhost:5672]
2024-01-14 10:26:28,825 WARN geListenerContainer$AsyncMessageProcessingConsumer [org.springframework.amqp.rabbit.RabbitListenerEndpointContainer#0-3] Consumer raised exception, processing can restart if the connection factory supports it. Exception summary: org.springframework.amqp.AmqpConnectException: java.net.ConnectException: Connection refused
2024-01-14 10:26:28,826 INFO geListenerContainer$AsyncMessageProcessingConsumer [org.springframework.amqp.rabbit.RabbitListenerEndpointContainer#0-3] Restarting Consumer@68ece58: tags=[[]], channel=null, acknowledgeMode=AUTO local queue size=0
2024-01-14 10:26:28,829 INFO k.amqp.rabbit.connection.AbstractConnectionFactory [org.springframework.amqp.rabbit.RabbitListenerEndpointContainer#0-4] Attempting to connect to: [localhost:5672]
2024-01-14 10:26:28,830 ERROR p.rabbit.listener.AbstractMessageListenerContainer [org.springframework.amqp.rabbit.RabbitListenerEndpointContainer#0-4] Failed to check/redeclare auto-delete queue(s).
2024-01-14 10:26:28,830 INFO k.amqp.rabbit.connection.AbstractConnectionFactory [org.springframework.amqp.rabbit.RabbitListenerEndpointContainer#0-4] Attempting to connect to: [localhost:5672]
2024-01-14 10:26:29,557 INFO mqp.rabbit.listener.SimpleMessageListenerContainer [org.springframework.amqp.rabbit.RabbitListenerEndpointContainer#0-5] Waiting for workers to finish.
2024-01-14 10:26:29,558 INFO mqp.rabbit.listener.SimpleMessageListenerContainer [org.springframework.amqp.rabbit.RabbitListenerEndpointContainer#0-5] Successfully waited for workers to finish.
2024-01-14 10:26:29,576 INFO framework.orm.jpa.AbstractEntityManagerFactoryBean [SpringApplicationShutdownHook] Closing JPA EntityManagerFactory for persistence unit 'default'
2024-01-14 10:26:29,580 INFO                 com.zaxxer.hikari.HikariDataSource [SpringApplicationShutdownHook] HikariPool-1 - Shutdown initiated...
2024-01-14 10:26:29,588 INFO                 com.zaxxer.hikari.HikariDataSource [SpringApplicationShutdownHook] HikariPool-1 - Shutdown completed.
