2024-01-14 10:43:34,512 INFO         org.springframework.boot.StartupInfoLogger [main] Starting ContactManagerApplication using Java 17.0.9 with PID 13842 (/home/elshod/Documents/PROJECTS/JAVA/javacourse/Self-study/contact_manager/target/classes started by elshod in /home/elshod/Documents/PROJECTS/JAVA/javacourse/Self-study/contact_manager)
2024-01-14 10:43:34,515 INFO         org.springframework.boot.SpringApplication [main] No active profile set, falling back to 1 default profile: "default"
2024-01-14 10:43:35,342 INFO .repository.config.RepositoryConfigurationDelegate [main] Bootstrapping Spring Data JPA repositories in DEFAULT mode.
2024-01-14 10:43:35,400 INFO .repository.config.RepositoryConfigurationDelegate [main] Finished Spring Data repository scanning in 53 ms. Found 4 JPA repository interfaces.
2024-01-14 10:43:35,843 INFO framework.boot.web.embedded.tomcat.TomcatWebServer [main] Tomcat initialized with port(s): 9090 (http)
2024-01-14 10:43:35,848 INFO               org.apache.juli.logging.DirectJDKLog [main] Initializing ProtocolHandler ["http-nio-9090"]
2024-01-14 10:43:35,850 INFO               org.apache.juli.logging.DirectJDKLog [main] Starting service [Tomcat]
2024-01-14 10:43:35,850 INFO               org.apache.juli.logging.DirectJDKLog [main] Starting Servlet engine: [Apache Tomcat/10.1.12]
2024-01-14 10:43:35,905 INFO               org.apache.juli.logging.DirectJDKLog [main] Initializing Spring embedded WebApplicationContext
2024-01-14 10:43:35,906 INFO servlet.context.ServletWebServerApplicationContext [main] Root WebApplicationContext: initialization completed in 1330 ms
2024-01-14 10:43:36,016 INFO          org.hibernate.jpa.internal.util.LogHelper [main] HHH000204: Processing PersistenceUnitInfo [name: default]
2024-01-14 10:43:36,045 INFO                              org.hibernate.Version [main] HHH000412: Hibernate ORM core version 6.2.7.Final
2024-01-14 10:43:36,047 INFO                      org.hibernate.cfg.Environment [main] HHH000406: Using bytecode reflection optimizer
2024-01-14 10:43:36,150 INFO ernate.bytecode.internal.BytecodeProviderInitiator [main] HHH000021: Bytecode provider name : bytebuddy
2024-01-14 10:43:36,220 INFO .orm.jpa.persistenceunit.SpringPersistenceUnitInfo [main] No LoadTimeWeaver setup: ignoring JPA class transformer
2024-01-14 10:43:36,229 INFO                 com.zaxxer.hikari.HikariDataSource [main] HikariPool-1 - Starting...
2024-01-14 10:43:36,416 INFO                  com.zaxxer.hikari.pool.HikariPool [main] HikariPool-1 - Added connection org.postgresql.jdbc.PgConnection@76fc5687
2024-01-14 10:43:36,417 INFO                 com.zaxxer.hikari.HikariDataSource [main] HikariPool-1 - Start completed.
2024-01-14 10:43:36,579 INFO ernate.bytecode.internal.BytecodeProviderInitiator [main] HHH000021: Bytecode provider name : bytebuddy
2024-01-14 10:43:36,985 INFO saction.jta.platform.internal.JtaPlatformInitiator [main] HHH000490: Using JtaPlatform implementation: [org.hibernate.engine.transaction.jta.platform.internal.NoJtaPlatform]
2024-01-14 10:43:37,027 INFO framework.orm.jpa.AbstractEntityManagerFactoryBean [main] Initialized JPA EntityManagerFactory for persistence unit 'default'
2024-01-14 10:43:37,219 INFO ork.data.jpa.repository.query.QueryEnhancerFactory [main] Hibernate is in classpath; If applicable, HQL parser will be used.
2024-01-14 10:43:37,771 WARN e.orm.jpa.JpaBaseConfiguration$JpaWebConfiguration [main] spring.jpa.open-in-view is enabled by default. Therefore, database queries may be performed during view rendering. Explicitly configure spring.jpa.open-in-view to disable this warning
2024-01-14 10:43:38,025 INFO gframework.security.web.DefaultSecurityFilterChain [main] Will secure any request with [org.springframework.security.web.session.DisableEncodeUrlFilter@47d7792e, org.springframework.security.web.context.request.async.WebAsyncManagerIntegrationFilter@4eb2a0c2, org.springframework.security.web.context.SecurityContextHolderFilter@6a5ed5f9, org.springframework.security.web.header.HeaderWriterFilter@728cef8e, org.springframework.web.filter.CorsFilter@10e7ade5, org.springframework.security.web.authentication.logout.LogoutFilter@11c95035, com.company.config.security.JwtAuthenticationFilter@2fad48b7, org.springframework.security.web.savedrequest.RequestCacheAwareFilter@6a8fa30a, org.springframework.security.web.servletapi.SecurityContextHolderAwareRequestFilter@522941b2, org.springframework.security.web.authentication.AnonymousAuthenticationFilter@534f4a65, org.springframework.security.web.session.SessionManagementFilter@758e8b8d, org.springframework.security.web.access.ExceptionTranslationFilter@316a682b, org.springframework.security.web.access.intercept.AuthorizationFilter@22c5652b]
2024-01-14 10:43:38,307 WARN ork.core.LocalVariableTableParameterNameDiscoverer [main] Using deprecated '-debug' fallback for parameter name resolution. Compile the affected code with '-parameters' instead or avoid its introspection: org.springframework.amqp.rabbit.core.RabbitAdmin
2024-01-14 10:43:38,336 INFO               org.apache.juli.logging.DirectJDKLog [main] Starting ProtocolHandler ["http-nio-9090"]
2024-01-14 10:43:38,347 INFO framework.boot.web.embedded.tomcat.TomcatWebServer [main] Tomcat started on port(s): 9090 (http) with context path ''
2024-01-14 10:43:38,350 INFO k.amqp.rabbit.connection.AbstractConnectionFactory [main] Attempting to connect to: [localhost:5672]
2024-01-14 10:43:38,382 INFO k.amqp.rabbit.connection.AbstractConnectionFactory [main] Created new connection: rabbitConnectionFactory#1a99d328:0/SimpleConnection@1b136640 [delegate=amqp://guest@127.0.0.1:5672/, localPort=38266]
2024-01-14 10:43:38,432 INFO         org.springframework.boot.StartupInfoLogger [main] Started ContactManagerApplication in 4.383 seconds (process running for 4.786)
