2024-01-14 15:35:00,985 INFO mqp.rabbit.listener.SimpleMessageListenerContainer [org.springframework.amqp.rabbit.RabbitListenerEndpointContainer#0-2] Waiting for workers to finish.
2024-01-14 15:35:01,182 INFO mqp.rabbit.listener.SimpleMessageListenerContainer [org.springframework.amqp.rabbit.RabbitListenerEndpointContainer#0-2] Successfully waited for workers to finish.
2024-01-14 15:35:01,211 INFO framework.orm.jpa.AbstractEntityManagerFactoryBean [SpringApplicationShutdownHook] Closing JPA EntityManagerFactory for persistence unit 'default'
2024-01-14 15:35:01,214 INFO                 com.zaxxer.hikari.HikariDataSource [SpringApplicationShutdownHook] HikariPool-1 - Shutdown initiated...
2024-01-14 15:35:01,222 INFO                 com.zaxxer.hikari.HikariDataSource [SpringApplicationShutdownHook] HikariPool-1 - Shutdown completed.
2024-01-14 15:35:08,449 INFO      org.hibernate.validator.internal.util.Version [background-preinit] HV000001: Hibernate Validator 8.0.1.Final
2024-01-14 15:35:08,504 INFO         org.springframework.boot.StartupInfoLogger [main] Starting ContactManagerApplication using Java 17.0.9 with PID 87998 (/home/elshod/Documents/PROJECTS/JAVA/javacourse/Self-study/contact_manager/target/classes started by elshod in /home/elshod/Documents/PROJECTS/JAVA/javacourse/Self-study/contact_manager)
2024-01-14 15:35:08,506 INFO         org.springframework.boot.SpringApplication [main] No active profile set, falling back to 1 default profile: "default"
2024-01-14 15:35:09,670 INFO .repository.config.RepositoryConfigurationDelegate [main] Bootstrapping Spring Data JPA repositories in DEFAULT mode.
2024-01-14 15:35:09,757 INFO .repository.config.RepositoryConfigurationDelegate [main] Finished Spring Data repository scanning in 78 ms. Found 4 JPA repository interfaces.
2024-01-14 15:35:10,623 INFO framework.boot.web.embedded.tomcat.TomcatWebServer [main] Tomcat initialized with port(s): 9090 (http)
2024-01-14 15:35:10,634 INFO               org.apache.juli.logging.DirectJDKLog [main] Initializing ProtocolHandler ["http-nio-127.0.0.1-9090"]
2024-01-14 15:35:10,636 INFO               org.apache.juli.logging.DirectJDKLog [main] Starting service [Tomcat]
2024-01-14 15:35:10,637 INFO               org.apache.juli.logging.DirectJDKLog [main] Starting Servlet engine: [Apache Tomcat/10.1.12]
2024-01-14 15:35:10,749 INFO               org.apache.juli.logging.DirectJDKLog [main] Initializing Spring embedded WebApplicationContext
2024-01-14 15:35:10,750 INFO servlet.context.ServletWebServerApplicationContext [main] Root WebApplicationContext: initialization completed in 2161 ms
2024-01-14 15:35:11,009 INFO          org.hibernate.jpa.internal.util.LogHelper [main] HHH000204: Processing PersistenceUnitInfo [name: default]
2024-01-14 15:35:11,064 INFO                              org.hibernate.Version [main] HHH000412: Hibernate ORM core version 6.2.7.Final
2024-01-14 15:35:11,068 INFO                      org.hibernate.cfg.Environment [main] HHH000406: Using bytecode reflection optimizer
2024-01-14 15:35:11,223 INFO ernate.bytecode.internal.BytecodeProviderInitiator [main] HHH000021: Bytecode provider name : bytebuddy
2024-01-14 15:35:11,379 INFO .orm.jpa.persistenceunit.SpringPersistenceUnitInfo [main] No LoadTimeWeaver setup: ignoring JPA class transformer
2024-01-14 15:35:11,399 INFO                 com.zaxxer.hikari.HikariDataSource [main] HikariPool-1 - Starting...
2024-01-14 15:35:11,762 INFO                  com.zaxxer.hikari.pool.HikariPool [main] HikariPool-1 - Added connection org.postgresql.jdbc.PgConnection@f591271
2024-01-14 15:35:11,764 INFO                 com.zaxxer.hikari.HikariDataSource [main] HikariPool-1 - Start completed.
2024-01-14 15:35:12,096 INFO ernate.bytecode.internal.BytecodeProviderInitiator [main] HHH000021: Bytecode provider name : bytebuddy
2024-01-14 15:35:13,024 INFO saction.jta.platform.internal.JtaPlatformInitiator [main] HHH000490: Using JtaPlatform implementation: [org.hibernate.engine.transaction.jta.platform.internal.NoJtaPlatform]
2024-01-14 15:35:13,097 INFO framework.orm.jpa.AbstractEntityManagerFactoryBean [main] Initialized JPA EntityManagerFactory for persistence unit 'default'
2024-01-14 15:35:13,451 INFO ork.data.jpa.repository.query.QueryEnhancerFactory [main] Hibernate is in classpath; If applicable, HQL parser will be used.
2024-01-14 15:35:14,593 WARN e.orm.jpa.JpaBaseConfiguration$JpaWebConfiguration [main] spring.jpa.open-in-view is enabled by default. Therefore, database queries may be performed during view rendering. Explicitly configure spring.jpa.open-in-view to disable this warning
2024-01-14 15:35:15,137 INFO gframework.security.web.DefaultSecurityFilterChain [main] Will secure any request with [org.springframework.security.web.session.DisableEncodeUrlFilter@3c634a04, org.springframework.security.web.context.request.async.WebAsyncManagerIntegrationFilter@4b48be5c, org.springframework.security.web.context.SecurityContextHolderFilter@3b5769b3, org.springframework.security.web.header.HeaderWriterFilter@73502c47, org.springframework.web.filter.CorsFilter@3fe8d57a, org.springframework.security.web.authentication.logout.LogoutFilter@36deacfc, com.company.config.security.JwtAuthenticationFilter@36573ec5, org.springframework.security.web.savedrequest.RequestCacheAwareFilter@7e17e827, org.springframework.security.web.servletapi.SecurityContextHolderAwareRequestFilter@40d73518, org.springframework.security.web.authentication.AnonymousAuthenticationFilter@10c26161, org.springframework.security.web.session.SessionManagementFilter@189fe8af, org.springframework.security.web.access.ExceptionTranslationFilter@6f2d0d25, org.springframework.security.web.access.intercept.AuthorizationFilter@4867e76b]
2024-01-14 15:35:15,704 WARN ork.core.LocalVariableTableParameterNameDiscoverer [main] Using deprecated '-debug' fallback for parameter name resolution. Compile the affected code with '-parameters' instead or avoid its introspection: org.springframework.amqp.rabbit.core.RabbitAdmin
2024-01-14 15:35:15,763 INFO               org.apache.juli.logging.DirectJDKLog [main] Starting ProtocolHandler ["http-nio-127.0.0.1-9090"]
2024-01-14 15:35:15,783 INFO framework.boot.web.embedded.tomcat.TomcatWebServer [main] Tomcat started on port(s): 9090 (http) with context path ''
2024-01-14 15:35:15,788 INFO k.amqp.rabbit.connection.AbstractConnectionFactory [main] Attempting to connect to: [localhost:5672]
2024-01-14 15:35:15,845 INFO k.amqp.rabbit.connection.AbstractConnectionFactory [main] Created new connection: rabbitConnectionFactory#14738629:0/SimpleConnection@1fba15d7 [delegate=amqp://guest@127.0.0.1:5672/, localPort=34182]
2024-01-14 15:35:15,932 INFO         org.springframework.boot.StartupInfoLogger [main] Started ContactManagerApplication in 8.127 seconds (process running for 8.778)
2024-01-14 15:35:43,374 INFO               org.apache.juli.logging.DirectJDKLog [http-nio-127.0.0.1-9090-exec-1] Initializing Spring DispatcherServlet 'dispatcherServlet'
2024-01-14 15:35:43,375 INFO   org.springframework.web.servlet.FrameworkServlet [http-nio-127.0.0.1-9090-exec-1] Initializing Servlet 'dispatcherServlet'
2024-01-14 15:35:43,376 INFO   org.springframework.web.servlet.FrameworkServlet [http-nio-127.0.0.1-9090-exec-1] Completed initialization in 1 ms
2024-01-14 15:35:44,609 INFO          org.springdoc.api.AbstractOpenApiResource [http-nio-127.0.0.1-9090-exec-8] Init duration for springdoc-openapi is: 589 ms
